Arguments: 
  /usr/local/bin/node /usr/local/bin/yarn

PATH: 
  /usr/local/bin:/usr/bin:/bin:/usr/sbin:/sbin:/Library/Apple/usr/bin

Yarn version: 
  1.22.15

Node version: 
  16.9.1

Platform: 
  darwin x64

Trace: 
  SyntaxError: /Users/aryamanpuri/Desktop/React-Bookstore/package.json: Unexpected token } in JSON at position 381
      at JSON.parse (<anonymous>)
      at /usr/local/lib/node_modules/yarn/lib/cli.js:1625:59
      at Generator.next (<anonymous>)
      at step (/usr/local/lib/node_modules/yarn/lib/cli.js:310:30)
      at /usr/local/lib/node_modules/yarn/lib/cli.js:321:13

npm manifest: 
  {
    "name": "bookstore",
    "version": "1.0.0",
    "description": "my es 6 modules",
    "main": "index.js",
    "scripts": {
      "build": "webpack",
      "start": "webpack-dev-server",
      "lint": "eslint .",
      "deploy":"surge"
      
    },
    "babel": {
      "presets": [
        "es2015",
        "es2016",
        "es2017",
        "react"
      ]
    },
    "repository": {
      "type": "git",
      
    },
    "author": "",
    "license": "ISC",
    "dependencies": {
      "webpack": "^3.8.1"
    },
    "devDependencies": {
      "babel": "^6.23.0",
      "babel-core": "^6.26.0",
      "babel-eslint": "^8.0.2",
      "babel-loader": "^7.1.2",
      "babel-preset-es2015": "^6.24.1",
      "babel-preset-es2016": "^6.24.1",
      "babel-preset-es2017": "^6.24.1",
      "babel-preset-react": "^6.24.1",
      "css-loader": "^0.28.7",
      "eslint": "^4.12.0",
      "eslint-plugin-import": "^2.8.0",
      "eslint-plugin-react": "^7.5.1",
      "file-loader": "^1.1.5",
      "html-webpack-plugin": "^2.30.1",
      "json-loader": "^0.5.7",
      "polyfill": "^0.1.0",
      "react": "^16.1.1",
      "react-bootstrap": "^0.31.5",
      "react-dom": "^16.1.1",
      "react-hot-loader": "^3.1.3",
      "react-loader": "^2.4.2",
      "style-loader": "^0.19.0",
      "ts-loader": "^3.1.1",
      "url-loader": "^0.6.2",
      "webpack-dev-server": "^2.9.5"
    }
  }

yarn manifest: 
  No manifest

Lockfile: 
  No lockfile
